
(base) frederique_hsu@Ubuntu-Linux:~/Programming/Qt_Design_Patterns/Design_Patterns/Prototype_Pattern$ valgrind --leak-check=full --show-leak-kinds=all -v ./Prototype_Pattern >> leak_check.log
==19496== Memcheck, a memory error detector
==19496== Copyright (C) 2002-2017, and GNU GPL'd, by Julian Seward et al.
==19496== Using Valgrind-3.15.0-608cb11914-20190413 and LibVEX; rerun with -h for copyright info
==19496== Command: ./Prototype_Pattern
==19496== 
--19496-- Valgrind options:
--19496--    --leak-check=full
--19496--    --show-leak-kinds=all
--19496--    -v
--19496-- Contents of /proc/version:
--19496--   Linux version 5.3.0-46-generic (buildd@lcy01-amd64-013) (gcc version 7.5.0 (Ubuntu 7.5.0-3ubuntu1~18.04)) #38~18.04.1-Ubuntu SMP Tue Mar 31 04:17:56 UTC 2020
--19496-- 
--19496-- Arch and hwcaps: AMD64, LittleEndian, amd64-cx16-lzcnt-rdtscp-sse3-ssse3-avx-avx2-rdrand
--19496-- Page sizes: currently 4096, max supported 4096
--19496-- Valgrind library directory: /snap/valgrind/46/usr/lib/valgrind
--19496-- Reading syms from /home/frederique_hsu/Programming/Qt_Design_Patterns/Design_Patterns/Prototype_Pattern/Prototype_Pattern
--19496-- Reading syms from /lib/x86_64-linux-gnu/ld-2.27.so
--19496--   Considering /lib/x86_64-linux-gnu/ld-2.27.so ..
--19496--   .. CRC mismatch (computed 1b7c895e wanted 2943108a)
--19496--   Considering /usr/lib/debug/lib/x86_64-linux-gnu/ld-2.27.so ..
--19496--   .. CRC is valid
--19496-- Reading syms from /snap/valgrind/46/usr/lib/valgrind/memcheck-amd64-linux
--19496--    object doesn't have a dynamic symbol table
--19496-- Warning: inlined fn name without absori
--19496-- is shown as UnknownInlinedFun
--19496-- Scheduler: using generic scheduler lock implementation.
--19496-- Reading suppressions file: /snap/valgrind/46/usr/lib/valgrind/default.supp
==19496== embedded gdbserver: reading from /tmp/vgdb-pipe-from-vgdb-to-19496-by-frederique_hsu-on-???
==19496== embedded gdbserver: writing to   /tmp/vgdb-pipe-to-vgdb-from-19496-by-frederique_hsu-on-???
==19496== embedded gdbserver: shared mem   /tmp/vgdb-pipe-shared-mem-vgdb-19496-by-frederique_hsu-on-???
==19496== 
==19496== TO CONTROL THIS PROCESS USING vgdb (which you probably
==19496== don't want to do, unless you know exactly what you're doing,
==19496== or are doing some strange experiment):
==19496==   /snap/valgrind/46/usr/lib/valgrind/../../bin/vgdb --pid=19496 ...command...
==19496== 
==19496== TO DEBUG THIS PROCESS USING GDB: start GDB like this
==19496==   /path/to/gdb ./Prototype_Pattern
==19496== and then give GDB the following command
==19496==   target remote | /snap/valgrind/46/usr/lib/valgrind/../../bin/vgdb --pid=19496
==19496== --pid is optional if only one valgrind process is running
==19496== 
--19496-- REDIR: 0x401f2f0 (ld-linux-x86-64.so.2:strlen) redirected to 0x581b855e (vgPlain_amd64_linux_REDIR_FOR_strlen)
--19496-- REDIR: 0x401f0d0 (ld-linux-x86-64.so.2:index) redirected to 0x581b8578 (vgPlain_amd64_linux_REDIR_FOR_index)
--19496-- Reading syms from /snap/valgrind/46/usr/lib/valgrind/vgpreload_core-amd64-linux.so
--19496-- Reading syms from /snap/valgrind/46/usr/lib/valgrind/vgpreload_memcheck-amd64-linux.so
==19496== WARNING: new redirection conflicts with existing -- ignoring it
--19496--     old: 0x0401f2f0 (strlen              ) R-> (0000.0) 0x581b855e vgPlain_amd64_linux_REDIR_FOR_strlen
--19496--     new: 0x0401f2f0 (strlen              ) R-> (2007.0) 0x04c33100 strlen
--19496-- REDIR: 0x401d360 (ld-linux-x86-64.so.2:strcmp) redirected to 0x4c341b0 (strcmp)
--19496-- REDIR: 0x401f830 (ld-linux-x86-64.so.2:mempcpy) redirected to 0x4c37af0 (mempcpy)
--19496-- Reading syms from /usr/lib/x86_64-linux-gnu/libstdc++.so.6.0.25
--19496--    object doesn't have a symbol table
--19496-- Reading syms from /lib/x86_64-linux-gnu/libgcc_s.so.1
--19496--    object doesn't have a symbol table
--19496-- Reading syms from /lib/x86_64-linux-gnu/libc-2.27.so
--19496--   Considering /lib/x86_64-linux-gnu/libc-2.27.so ..
--19496--   .. CRC mismatch (computed b1c74187 wanted 042cc048)
--19496--   Considering /usr/lib/debug/lib/x86_64-linux-gnu/libc-2.27.so ..
--19496--   .. CRC is valid
--19496-- Reading syms from /lib/x86_64-linux-gnu/libm-2.27.so
--19496--   Considering /lib/x86_64-linux-gnu/libm-2.27.so ..
--19496--   .. CRC mismatch (computed 7feae033 wanted b29b2508)
--19496--   Considering /usr/lib/debug/lib/x86_64-linux-gnu/libm-2.27.so ..
--19496--   .. CRC is valid
--19496-- REDIR: 0x547cc70 (libc.so.6:memmove) redirected to 0x4a2a770 (_vgnU_ifunc_wrapper)
--19496-- REDIR: 0x547bd40 (libc.so.6:strncpy) redirected to 0x4a2a770 (_vgnU_ifunc_wrapper)
--19496-- REDIR: 0x547cf50 (libc.so.6:strcasecmp) redirected to 0x4a2a770 (_vgnU_ifunc_wrapper)
--19496-- REDIR: 0x547b790 (libc.so.6:strcat) redirected to 0x4a2a770 (_vgnU_ifunc_wrapper)
--19496-- REDIR: 0x547bd70 (libc.so.6:rindex) redirected to 0x4a2a770 (_vgnU_ifunc_wrapper)
--19496-- REDIR: 0x547e7c0 (libc.so.6:rawmemchr) redirected to 0x4a2a770 (_vgnU_ifunc_wrapper)
--19496-- REDIR: 0x549b410 (libc.so.6:wmemchr) redirected to 0x4a2a770 (_vgnU_ifunc_wrapper)
--19496-- REDIR: 0x547cde0 (libc.so.6:mempcpy) redirected to 0x4a2a770 (_vgnU_ifunc_wrapper)
--19496-- REDIR: 0x547cc10 (libc.so.6:bcmp) redirected to 0x4a2a770 (_vgnU_ifunc_wrapper)
--19496-- REDIR: 0x547bd00 (libc.so.6:strncmp) redirected to 0x4a2a770 (_vgnU_ifunc_wrapper)
--19496-- REDIR: 0x547b800 (libc.so.6:strcmp) redirected to 0x4a2a770 (_vgnU_ifunc_wrapper)
--19496-- REDIR: 0x547cd40 (libc.so.6:memset) redirected to 0x4a2a770 (_vgnU_ifunc_wrapper)
--19496-- REDIR: 0x549a0f0 (libc.so.6:wcschr) redirected to 0x4a2a770 (_vgnU_ifunc_wrapper)
--19496-- REDIR: 0x547bca0 (libc.so.6:strnlen) redirected to 0x4a2a770 (_vgnU_ifunc_wrapper)
--19496-- REDIR: 0x547b870 (libc.so.6:strcspn) redirected to 0x4a2a770 (_vgnU_ifunc_wrapper)
--19496-- REDIR: 0x547cfa0 (libc.so.6:strncasecmp) redirected to 0x4a2a770 (_vgnU_ifunc_wrapper)
--19496-- REDIR: 0x547b840 (libc.so.6:strcpy) redirected to 0x4a2a770 (_vgnU_ifunc_wrapper)
--19496-- REDIR: 0x547d0e0 (libc.so.6:memcpy@@GLIBC_2.14) redirected to 0x4a2a770 (_vgnU_ifunc_wrapper)
--19496-- REDIR: 0x549c6c0 (libc.so.6:wcsnlen) redirected to 0x4a2a770 (_vgnU_ifunc_wrapper)
--19496-- REDIR: 0x547bda0 (libc.so.6:strpbrk) redirected to 0x4a2a770 (_vgnU_ifunc_wrapper)
--19496-- REDIR: 0x547b7c0 (libc.so.6:index) redirected to 0x4a2a770 (_vgnU_ifunc_wrapper)
--19496-- REDIR: 0x547bc70 (libc.so.6:strlen) redirected to 0x4a2a770 (_vgnU_ifunc_wrapper)
--19496-- REDIR: 0x54866c0 (libc.so.6:memrchr) redirected to 0x4a2a770 (_vgnU_ifunc_wrapper)
--19496-- REDIR: 0x547cff0 (libc.so.6:strcasecmp_l) redirected to 0x4a2a770 (_vgnU_ifunc_wrapper)
--19496-- REDIR: 0x547cbe0 (libc.so.6:memchr) redirected to 0x4a2a770 (_vgnU_ifunc_wrapper)
--19496-- REDIR: 0x549aeb0 (libc.so.6:wcslen) redirected to 0x4a2a770 (_vgnU_ifunc_wrapper)
--19496-- REDIR: 0x547c050 (libc.so.6:strspn) redirected to 0x4a2a770 (_vgnU_ifunc_wrapper)
--19496-- REDIR: 0x547cf20 (libc.so.6:stpncpy) redirected to 0x4a2a770 (_vgnU_ifunc_wrapper)
--19496-- REDIR: 0x547cef0 (libc.so.6:stpcpy) redirected to 0x4a2a770 (_vgnU_ifunc_wrapper)
--19496-- REDIR: 0x547e7f0 (libc.so.6:strchrnul) redirected to 0x4a2a770 (_vgnU_ifunc_wrapper)
--19496-- REDIR: 0x547d040 (libc.so.6:strncasecmp_l) redirected to 0x4a2a770 (_vgnU_ifunc_wrapper)
--19496-- REDIR: 0x5478030 (libc.so.6:calloc) redirected to 0x4c31f16 (calloc)
--19496-- REDIR: 0x556c3c0 (libc.so.6:__strrchr_avx2) redirected to 0x4c32a80 (rindex)
--19496-- REDIR: 0x5475070 (libc.so.6:malloc) redirected to 0x4c2fe0f (malloc)
--19496-- REDIR: 0x556c590 (libc.so.6:__strlen_avx2) redirected to 0x4c33040 (strlen)
--19496-- REDIR: 0x5568ba0 (libc.so.6:__memcmp_avx2_movbe) redirected to 0x4c36370 (bcmp)
--19496-- REDIR: 0x5547d60 (libc.so.6:__strcmp_ssse3) redirected to 0x4c34070 (strcmp)
--19496-- REDIR: 0x556cab0 (libc.so.6:__mempcpy_avx_unaligned_erms) redirected to 0x4c37730 (mempcpy)
--19496-- REDIR: 0x556cad0 (libc.so.6:__memcpy_avx_unaligned_erms) redirected to 0x4c36bb0 (memmove)
--19496-- REDIR: 0x4ed0280 (libstdc++.so.6:operator new(unsigned long)) redirected to 0x4c3042f (operator new(unsigned long))
--19496-- REDIR: 0x4ece390 (libstdc++.so.6:operator delete(void*)) redirected to 0x4c313b9 (operator delete(void*))
--19496-- REDIR: 0x4ece3a0 (libstdc++.so.6:operator delete(void*, unsigned long)) redirected to 0x4c3157b (operator delete(void*, unsigned long))
==19496== 
==19496== Process terminating with default action of signal 27 (SIGPROF)
==19496==    at 0x54EDDAF: __open_nocancel (open64.c:69)
==19496==    by 0x550191F: write_gmon (gmon.c:370)
==19496==    by 0x55020DA: _mcleanup (gmon.c:444)
==19496==    by 0x5421614: __cxa_finalize (cxa_finalize.c:83)
==19496==    by 0x10A1A2: ??? (in /home/frederique_hsu/Programming/Qt_Design_Patterns/Design_Patterns/Prototype_Pattern/Prototype_Pattern)
==19496==    by 0x4010B72: _dl_fini (dl-fini.c:138)
==19496==    by 0x5421040: __run_exit_handlers (exit.c:108)
==19496==    by 0x5421139: exit (exit.c:139)
==19496==    by 0x53FFB9D: (below main) (libc-start.c:344)
--19496-- REDIR: 0x5475950 (libc.so.6:free) redirected to 0x4c30f09 (free)
==19496== 
==19496== HEAP SUMMARY:
==19496==     in use at exit: 20,866 bytes in 7 blocks
==19496==   total heap usage: 25 allocs, 18 frees, 98,315 bytes allocated
==19496== 
==19496== Searching for pointers to 7 not-freed blocks
==19496== Checked 133,248 bytes
==19496== 
==19496== 31 bytes in 1 blocks are indirectly lost in loss record 1 of 7
==19496==    at 0x4C304B6: operator new(unsigned long) (vg_replace_malloc.c:344)
==19496==    by 0x10AEB9: __gnu_cxx::new_allocator<char>::allocate(unsigned long, void const*) (in /home/frederique_hsu/Programming/Qt_Design_Patterns/Design_Patterns/Prototype_Pattern/Prototype_Pattern)
==19496==    by 0x10AD29: std::allocator_traits<std::allocator<char> >::allocate(std::allocator<char>&, unsigned long) (in /home/frederique_hsu/Programming/Qt_Design_Patterns/Design_Patterns/Prototype_Pattern/Prototype_Pattern)
==19496==    by 0x10B1BB: std::__cxx11::basic_string<char, std::char_traits<char>, std::allocator<char> >::_M_create(unsigned long&, unsigned long) (in /home/frederique_hsu/Programming/Qt_Design_Patterns/Design_Patterns/Prototype_Pattern/Prototype_Pattern)
==19496==    by 0x10AF52: std::__cxx11::basic_string<char, std::char_traits<char>, std::allocator<char> >::_M_assign(std::__cxx11::basic_string<char, std::char_traits<char>, std::allocator<char> > const&) (in /home/frederique_hsu/Programming/Qt_Design_Patterns/Design_Patterns/Prototype_Pattern/Prototype_Pattern)
==19496==    by 0x10ADD2: std::__cxx11::basic_string<char, std::char_traits<char>, std::allocator<char> >::assign(std::__cxx11::basic_string<char, std::char_traits<char>, std::allocator<char> > const&) (in /home/frederique_hsu/Programming/Qt_Design_Patterns/Design_Patterns/Prototype_Pattern/Prototype_Pattern)
==19496==    by 0x10AA1B: std::__cxx11::basic_string<char, std::char_traits<char>, std::allocator<char> >::operator=(std::__cxx11::basic_string<char, std::char_traits<char>, std::allocator<char> > const&) (in /home/frederique_hsu/Programming/Qt_Design_Patterns/Design_Patterns/Prototype_Pattern/Prototype_Pattern)
==19496==    by 0x10B7FB: WorkExperience2::WorkExperience2(WorkExperience2 const&) (in /home/frederique_hsu/Programming/Qt_Design_Patterns/Design_Patterns/Prototype_Pattern/Prototype_Pattern)
==19496==    by 0x10B97A: WorkExperience2::Clone() (in /home/frederique_hsu/Programming/Qt_Design_Patterns/Design_Patterns/Prototype_Pattern/Prototype_Pattern)
==19496==    by 0x10B2F3: Resume2::Resume2(WorkExperience2*) (in /home/frederique_hsu/Programming/Qt_Design_Patterns/Design_Patterns/Prototype_Pattern/Prototype_Pattern)
==19496==    by 0x10C1BC: TestResume2() (in /home/frederique_hsu/Programming/Qt_Design_Patterns/Design_Patterns/Prototype_Pattern/Prototype_Pattern)
==19496==    by 0x10BBB6: execute_test_items() (in /home/frederique_hsu/Programming/Qt_Design_Patterns/Design_Patterns/Prototype_Pattern/Prototype_Pattern)
==19496== 
==19496== 31 bytes in 1 blocks are indirectly lost in loss record 2 of 7
==19496==    at 0x4C304B6: operator new(unsigned long) (vg_replace_malloc.c:344)
==19496==    by 0x10AEB9: __gnu_cxx::new_allocator<char>::allocate(unsigned long, void const*) (in /home/frederique_hsu/Programming/Qt_Design_Patterns/Design_Patterns/Prototype_Pattern/Prototype_Pattern)
==19496==    by 0x10AD29: std::allocator_traits<std::allocator<char> >::allocate(std::allocator<char>&, unsigned long) (in /home/frederique_hsu/Programming/Qt_Design_Patterns/Design_Patterns/Prototype_Pattern/Prototype_Pattern)
==19496==    by 0x10B1BB: std::__cxx11::basic_string<char, std::char_traits<char>, std::allocator<char> >::_M_create(unsigned long&, unsigned long) (in /home/frederique_hsu/Programming/Qt_Design_Patterns/Design_Patterns/Prototype_Pattern/Prototype_Pattern)
==19496==    by 0x10AF52: std::__cxx11::basic_string<char, std::char_traits<char>, std::allocator<char> >::_M_assign(std::__cxx11::basic_string<char, std::char_traits<char>, std::allocator<char> > const&) (in /home/frederique_hsu/Programming/Qt_Design_Patterns/Design_Patterns/Prototype_Pattern/Prototype_Pattern)
==19496==    by 0x10ADD2: std::__cxx11::basic_string<char, std::char_traits<char>, std::allocator<char> >::assign(std::__cxx11::basic_string<char, std::char_traits<char>, std::allocator<char> > const&) (in /home/frederique_hsu/Programming/Qt_Design_Patterns/Design_Patterns/Prototype_Pattern/Prototype_Pattern)
==19496==    by 0x10AA1B: std::__cxx11::basic_string<char, std::char_traits<char>, std::allocator<char> >::operator=(std::__cxx11::basic_string<char, std::char_traits<char>, std::allocator<char> > const&) (in /home/frederique_hsu/Programming/Qt_Design_Patterns/Design_Patterns/Prototype_Pattern/Prototype_Pattern)
==19496==    by 0x10B816: WorkExperience2::WorkExperience2(WorkExperience2 const&) (in /home/frederique_hsu/Programming/Qt_Design_Patterns/Design_Patterns/Prototype_Pattern/Prototype_Pattern)
==19496==    by 0x10B97A: WorkExperience2::Clone() (in /home/frederique_hsu/Programming/Qt_Design_Patterns/Design_Patterns/Prototype_Pattern/Prototype_Pattern)
==19496==    by 0x10B2F3: Resume2::Resume2(WorkExperience2*) (in /home/frederique_hsu/Programming/Qt_Design_Patterns/Design_Patterns/Prototype_Pattern/Prototype_Pattern)
==19496==    by 0x10C1BC: TestResume2() (in /home/frederique_hsu/Programming/Qt_Design_Patterns/Design_Patterns/Prototype_Pattern/Prototype_Pattern)
==19496==    by 0x10BBB6: execute_test_items() (in /home/frederique_hsu/Programming/Qt_Design_Patterns/Design_Patterns/Prototype_Pattern/Prototype_Pattern)
==19496== 
==19496== 31 bytes in 1 blocks are indirectly lost in loss record 3 of 7
==19496==    at 0x4C304B6: operator new(unsigned long) (vg_replace_malloc.c:344)
==19496==    by 0x10AEB9: __gnu_cxx::new_allocator<char>::allocate(unsigned long, void const*) (in /home/frederique_hsu/Programming/Qt_Design_Patterns/Design_Patterns/Prototype_Pattern/Prototype_Pattern)
==19496==    by 0x10AD29: std::allocator_traits<std::allocator<char> >::allocate(std::allocator<char>&, unsigned long) (in /home/frederique_hsu/Programming/Qt_Design_Patterns/Design_Patterns/Prototype_Pattern/Prototype_Pattern)
==19496==    by 0x10B1BB: std::__cxx11::basic_string<char, std::char_traits<char>, std::allocator<char> >::_M_create(unsigned long&, unsigned long) (in /home/frederique_hsu/Programming/Qt_Design_Patterns/Design_Patterns/Prototype_Pattern/Prototype_Pattern)
==19496==    by 0x10AF52: std::__cxx11::basic_string<char, std::char_traits<char>, std::allocator<char> >::_M_assign(std::__cxx11::basic_string<char, std::char_traits<char>, std::allocator<char> > const&) (in /home/frederique_hsu/Programming/Qt_Design_Patterns/Design_Patterns/Prototype_Pattern/Prototype_Pattern)
==19496==    by 0x10ADD2: std::__cxx11::basic_string<char, std::char_traits<char>, std::allocator<char> >::assign(std::__cxx11::basic_string<char, std::char_traits<char>, std::allocator<char> > const&) (in /home/frederique_hsu/Programming/Qt_Design_Patterns/Design_Patterns/Prototype_Pattern/Prototype_Pattern)
==19496==    by 0x10AA1B: std::__cxx11::basic_string<char, std::char_traits<char>, std::allocator<char> >::operator=(std::__cxx11::basic_string<char, std::char_traits<char>, std::allocator<char> > const&) (in /home/frederique_hsu/Programming/Qt_Design_Patterns/Design_Patterns/Prototype_Pattern/Prototype_Pattern)
==19496==    by 0x10B7FB: WorkExperience2::WorkExperience2(WorkExperience2 const&) (in /home/frederique_hsu/Programming/Qt_Design_Patterns/Design_Patterns/Prototype_Pattern/Prototype_Pattern)
==19496==    by 0x10B97A: WorkExperience2::Clone() (in /home/frederique_hsu/Programming/Qt_Design_Patterns/Design_Patterns/Prototype_Pattern/Prototype_Pattern)
==19496==    by 0x10B3E5: Resume2::Resume2(Resume2 const&) (in /home/frederique_hsu/Programming/Qt_Design_Patterns/Design_Patterns/Prototype_Pattern/Prototype_Pattern)
==19496==    by 0x10B59A: Resume2::Clone() (in /home/frederique_hsu/Programming/Qt_Design_Patterns/Design_Patterns/Prototype_Pattern/Prototype_Pattern)
==19496==    by 0x10C287: TestResume2() (in /home/frederique_hsu/Programming/Qt_Design_Patterns/Design_Patterns/Prototype_Pattern/Prototype_Pattern)
==19496== 
==19496== 31 bytes in 1 blocks are indirectly lost in loss record 4 of 7
==19496==    at 0x4C304B6: operator new(unsigned long) (vg_replace_malloc.c:344)
==19496==    by 0x10AEB9: __gnu_cxx::new_allocator<char>::allocate(unsigned long, void const*) (in /home/frederique_hsu/Programming/Qt_Design_Patterns/Design_Patterns/Prototype_Pattern/Prototype_Pattern)
==19496==    by 0x10AD29: std::allocator_traits<std::allocator<char> >::allocate(std::allocator<char>&, unsigned long) (in /home/frederique_hsu/Programming/Qt_Design_Patterns/Design_Patterns/Prototype_Pattern/Prototype_Pattern)
==19496==    by 0x10B1BB: std::__cxx11::basic_string<char, std::char_traits<char>, std::allocator<char> >::_M_create(unsigned long&, unsigned long) (in /home/frederique_hsu/Programming/Qt_Design_Patterns/Design_Patterns/Prototype_Pattern/Prototype_Pattern)
==19496==    by 0x10AF52: std::__cxx11::basic_string<char, std::char_traits<char>, std::allocator<char> >::_M_assign(std::__cxx11::basic_string<char, std::char_traits<char>, std::allocator<char> > const&) (in /home/frederique_hsu/Programming/Qt_Design_Patterns/Design_Patterns/Prototype_Pattern/Prototype_Pattern)
==19496==    by 0x10ADD2: std::__cxx11::basic_string<char, std::char_traits<char>, std::allocator<char> >::assign(std::__cxx11::basic_string<char, std::char_traits<char>, std::allocator<char> > const&) (in /home/frederique_hsu/Programming/Qt_Design_Patterns/Design_Patterns/Prototype_Pattern/Prototype_Pattern)
==19496==    by 0x10AA1B: std::__cxx11::basic_string<char, std::char_traits<char>, std::allocator<char> >::operator=(std::__cxx11::basic_string<char, std::char_traits<char>, std::allocator<char> > const&) (in /home/frederique_hsu/Programming/Qt_Design_Patterns/Design_Patterns/Prototype_Pattern/Prototype_Pattern)
==19496==    by 0x10B816: WorkExperience2::WorkExperience2(WorkExperience2 const&) (in /home/frederique_hsu/Programming/Qt_Design_Patterns/Design_Patterns/Prototype_Pattern/Prototype_Pattern)
==19496==    by 0x10B97A: WorkExperience2::Clone() (in /home/frederique_hsu/Programming/Qt_Design_Patterns/Design_Patterns/Prototype_Pattern/Prototype_Pattern)
==19496==    by 0x10B3E5: Resume2::Resume2(Resume2 const&) (in /home/frederique_hsu/Programming/Qt_Design_Patterns/Design_Patterns/Prototype_Pattern/Prototype_Pattern)
==19496==    by 0x10B59A: Resume2::Clone() (in /home/frederique_hsu/Programming/Qt_Design_Patterns/Design_Patterns/Prototype_Pattern/Prototype_Pattern)
==19496==    by 0x10C287: TestResume2() (in /home/frederique_hsu/Programming/Qt_Design_Patterns/Design_Patterns/Prototype_Pattern/Prototype_Pattern)
==19496== 
==19496== 134 (72 direct, 62 indirect) bytes in 1 blocks are definitely lost in loss record 5 of 7
==19496==    at 0x4C304B6: operator new(unsigned long) (vg_replace_malloc.c:344)
==19496==    by 0x10B968: WorkExperience2::Clone() (in /home/frederique_hsu/Programming/Qt_Design_Patterns/Design_Patterns/Prototype_Pattern/Prototype_Pattern)
==19496==    by 0x10B2F3: Resume2::Resume2(WorkExperience2*) (in /home/frederique_hsu/Programming/Qt_Design_Patterns/Design_Patterns/Prototype_Pattern/Prototype_Pattern)
==19496==    by 0x10C1BC: TestResume2() (in /home/frederique_hsu/Programming/Qt_Design_Patterns/Design_Patterns/Prototype_Pattern/Prototype_Pattern)
==19496==    by 0x10BBB6: execute_test_items() (in /home/frederique_hsu/Programming/Qt_Design_Patterns/Design_Patterns/Prototype_Pattern/Prototype_Pattern)
==19496==    by 0x10A21C: main (in /home/frederique_hsu/Programming/Qt_Design_Patterns/Design_Patterns/Prototype_Pattern/Prototype_Pattern)
==19496== 
==19496== 134 (72 direct, 62 indirect) bytes in 1 blocks are definitely lost in loss record 6 of 7
==19496==    at 0x4C304B6: operator new(unsigned long) (vg_replace_malloc.c:344)
==19496==    by 0x10B968: WorkExperience2::Clone() (in /home/frederique_hsu/Programming/Qt_Design_Patterns/Design_Patterns/Prototype_Pattern/Prototype_Pattern)
==19496==    by 0x10B3E5: Resume2::Resume2(Resume2 const&) (in /home/frederique_hsu/Programming/Qt_Design_Patterns/Design_Patterns/Prototype_Pattern/Prototype_Pattern)
==19496==    by 0x10B59A: Resume2::Clone() (in /home/frederique_hsu/Programming/Qt_Design_Patterns/Design_Patterns/Prototype_Pattern/Prototype_Pattern)
==19496==    by 0x10C287: TestResume2() (in /home/frederique_hsu/Programming/Qt_Design_Patterns/Design_Patterns/Prototype_Pattern/Prototype_Pattern)
==19496==    by 0x10BBB6: execute_test_items() (in /home/frederique_hsu/Programming/Qt_Design_Patterns/Design_Patterns/Prototype_Pattern/Prototype_Pattern)
==19496==    by 0x10A21C: main (in /home/frederique_hsu/Programming/Qt_Design_Patterns/Design_Patterns/Prototype_Pattern/Prototype_Pattern)
==19496== 
==19496== 20,598 bytes in 1 blocks are still reachable in loss record 7 of 7
==19496==    at 0x4C31FAC: calloc (vg_replace_malloc.c:762)
==19496==    by 0x5501F44: monstartup (gmon.c:153)
==19496==    by 0x10A0C0: __gmon_start__ (in /home/frederique_hsu/Programming/Qt_Design_Patterns/Design_Patterns/Prototype_Pattern/Prototype_Pattern)
==19496==    by 0x4C2F6DC: ??? (in /snap/valgrind/46/usr/lib/valgrind/vgpreload_memcheck-amd64-linux.so)
==19496== 
==19496== LEAK SUMMARY:
==19496==    definitely lost: 144 bytes in 2 blocks
==19496==    indirectly lost: 124 bytes in 4 blocks
==19496==      possibly lost: 0 bytes in 0 blocks
==19496==    still reachable: 20,598 bytes in 1 blocks
==19496==         suppressed: 0 bytes in 0 blocks
==19496== 
==19496== ERROR SUMMARY: 2 errors from 2 contexts (suppressed: 0 from 0)
Profiling timer expired
(base) frederique_hsu@Ubuntu-Linux:~/Programming/Qt_Design_Patterns/Design_Patterns/Prototype_Pattern$ 

