(base) frederique_hsu@Ubuntu-Linux:~/Programming/Qt_Design_Patterns/Design_Patterns/Prototype_Pattern$ valgrind --leak-check=full --show-leak-kinds=all -v ./Prototype_Pattern 
==1604== Memcheck, a memory error detector
==1604== Copyright (C) 2002-2017, and GNU GPL'd, by Julian Seward et al.
==1604== Using Valgrind-3.15.0-608cb11914-20190413 and LibVEX; rerun with -h for copyright info
==1604== Command: ./Prototype_Pattern
==1604== 
--1604-- Valgrind options:
--1604--    --leak-check=full
--1604--    --show-leak-kinds=all
--1604--    -v
--1604-- Contents of /proc/version:
--1604--   Linux version 5.3.0-46-generic (buildd@lcy01-amd64-013) (gcc version 7.5.0 (Ubuntu 7.5.0-3ubuntu1~18.04)) #38~18.04.1-Ubuntu SMP Tue Mar 31 04:17:56 UTC 2020
--1604-- 
--1604-- Arch and hwcaps: AMD64, LittleEndian, amd64-cx16-lzcnt-rdtscp-sse3-ssse3-avx-avx2-rdrand
--1604-- Page sizes: currently 4096, max supported 4096
--1604-- Valgrind library directory: /snap/valgrind/46/usr/lib/valgrind
--1604-- Reading syms from /home/frederique_hsu/Programming/Qt_Design_Patterns/Design_Patterns/Prototype_Pattern/Prototype_Pattern
--1604-- Reading syms from /lib/x86_64-linux-gnu/ld-2.27.so
--1604--   Considering /lib/x86_64-linux-gnu/ld-2.27.so ..
--1604--   .. CRC mismatch (computed 1b7c895e wanted 2943108a)
--1604--   Considering /usr/lib/debug/lib/x86_64-linux-gnu/ld-2.27.so ..
--1604--   .. CRC is valid
--1604-- Reading syms from /snap/valgrind/46/usr/lib/valgrind/memcheck-amd64-linux
--1604--    object doesn't have a dynamic symbol table
--1604-- Warning: inlined fn name without absori
--1604-- is shown as UnknownInlinedFun
--1604-- Scheduler: using generic scheduler lock implementation.
--1604-- Reading suppressions file: /snap/valgrind/46/usr/lib/valgrind/default.supp
==1604== embedded gdbserver: reading from /tmp/vgdb-pipe-from-vgdb-to-1604-by-frederique_hsu-on-???
==1604== embedded gdbserver: writing to   /tmp/vgdb-pipe-to-vgdb-from-1604-by-frederique_hsu-on-???
==1604== embedded gdbserver: shared mem   /tmp/vgdb-pipe-shared-mem-vgdb-1604-by-frederique_hsu-on-???
==1604== 
==1604== TO CONTROL THIS PROCESS USING vgdb (which you probably
==1604== don't want to do, unless you know exactly what you're doing,
==1604== or are doing some strange experiment):
==1604==   /snap/valgrind/46/usr/lib/valgrind/../../bin/vgdb --pid=1604 ...command...
==1604== 
==1604== TO DEBUG THIS PROCESS USING GDB: start GDB like this
==1604==   /path/to/gdb ./Prototype_Pattern
==1604== and then give GDB the following command
==1604==   target remote | /snap/valgrind/46/usr/lib/valgrind/../../bin/vgdb --pid=1604
==1604== --pid is optional if only one valgrind process is running
==1604== 
--1604-- REDIR: 0x401f2f0 (ld-linux-x86-64.so.2:strlen) redirected to 0x581b855e (vgPlain_amd64_linux_REDIR_FOR_strlen)
--1604-- REDIR: 0x401f0d0 (ld-linux-x86-64.so.2:index) redirected to 0x581b8578 (vgPlain_amd64_linux_REDIR_FOR_index)
--1604-- Reading syms from /snap/valgrind/46/usr/lib/valgrind/vgpreload_core-amd64-linux.so
--1604-- Reading syms from /snap/valgrind/46/usr/lib/valgrind/vgpreload_memcheck-amd64-linux.so
==1604== WARNING: new redirection conflicts with existing -- ignoring it
--1604--     old: 0x0401f2f0 (strlen              ) R-> (0000.0) 0x581b855e vgPlain_amd64_linux_REDIR_FOR_strlen
--1604--     new: 0x0401f2f0 (strlen              ) R-> (2007.0) 0x04c33100 strlen
--1604-- REDIR: 0x401d360 (ld-linux-x86-64.so.2:strcmp) redirected to 0x4c341b0 (strcmp)
--1604-- REDIR: 0x401f830 (ld-linux-x86-64.so.2:mempcpy) redirected to 0x4c37af0 (mempcpy)
--1604-- Reading syms from /usr/lib/x86_64-linux-gnu/libstdc++.so.6.0.25
--1604--    object doesn't have a symbol table
--1604-- Reading syms from /lib/x86_64-linux-gnu/libgcc_s.so.1
--1604--    object doesn't have a symbol table
--1604-- Reading syms from /lib/x86_64-linux-gnu/libc-2.27.so
--1604--   Considering /lib/x86_64-linux-gnu/libc-2.27.so ..
--1604--   .. CRC mismatch (computed b1c74187 wanted 042cc048)
--1604--   Considering /usr/lib/debug/lib/x86_64-linux-gnu/libc-2.27.so ..
--1604--   .. CRC is valid
--1604-- Reading syms from /lib/x86_64-linux-gnu/libm-2.27.so
--1604--   Considering /lib/x86_64-linux-gnu/libm-2.27.so ..
--1604--   .. CRC mismatch (computed 7feae033 wanted b29b2508)
--1604--   Considering /usr/lib/debug/lib/x86_64-linux-gnu/libm-2.27.so ..
--1604--   .. CRC is valid
--1604-- REDIR: 0x547cc70 (libc.so.6:memmove) redirected to 0x4a2a770 (_vgnU_ifunc_wrapper)
--1604-- REDIR: 0x547bd40 (libc.so.6:strncpy) redirected to 0x4a2a770 (_vgnU_ifunc_wrapper)
--1604-- REDIR: 0x547cf50 (libc.so.6:strcasecmp) redirected to 0x4a2a770 (_vgnU_ifunc_wrapper)
--1604-- REDIR: 0x547b790 (libc.so.6:strcat) redirected to 0x4a2a770 (_vgnU_ifunc_wrapper)
--1604-- REDIR: 0x547bd70 (libc.so.6:rindex) redirected to 0x4a2a770 (_vgnU_ifunc_wrapper)
--1604-- REDIR: 0x547e7c0 (libc.so.6:rawmemchr) redirected to 0x4a2a770 (_vgnU_ifunc_wrapper)
--1604-- REDIR: 0x549b410 (libc.so.6:wmemchr) redirected to 0x4a2a770 (_vgnU_ifunc_wrapper)
--1604-- REDIR: 0x547cde0 (libc.so.6:mempcpy) redirected to 0x4a2a770 (_vgnU_ifunc_wrapper)
--1604-- REDIR: 0x547cc10 (libc.so.6:bcmp) redirected to 0x4a2a770 (_vgnU_ifunc_wrapper)
--1604-- REDIR: 0x547bd00 (libc.so.6:strncmp) redirected to 0x4a2a770 (_vgnU_ifunc_wrapper)
--1604-- REDIR: 0x547b800 (libc.so.6:strcmp) redirected to 0x4a2a770 (_vgnU_ifunc_wrapper)
--1604-- REDIR: 0x547cd40 (libc.so.6:memset) redirected to 0x4a2a770 (_vgnU_ifunc_wrapper)
--1604-- REDIR: 0x549a0f0 (libc.so.6:wcschr) redirected to 0x4a2a770 (_vgnU_ifunc_wrapper)
--1604-- REDIR: 0x547bca0 (libc.so.6:strnlen) redirected to 0x4a2a770 (_vgnU_ifunc_wrapper)
--1604-- REDIR: 0x547b870 (libc.so.6:strcspn) redirected to 0x4a2a770 (_vgnU_ifunc_wrapper)
--1604-- REDIR: 0x547cfa0 (libc.so.6:strncasecmp) redirected to 0x4a2a770 (_vgnU_ifunc_wrapper)
--1604-- REDIR: 0x547b840 (libc.so.6:strcpy) redirected to 0x4a2a770 (_vgnU_ifunc_wrapper)
--1604-- REDIR: 0x547d0e0 (libc.so.6:memcpy@@GLIBC_2.14) redirected to 0x4a2a770 (_vgnU_ifunc_wrapper)
--1604-- REDIR: 0x549c6c0 (libc.so.6:wcsnlen) redirected to 0x4a2a770 (_vgnU_ifunc_wrapper)
--1604-- REDIR: 0x547bda0 (libc.so.6:strpbrk) redirected to 0x4a2a770 (_vgnU_ifunc_wrapper)
--1604-- REDIR: 0x547b7c0 (libc.so.6:index) redirected to 0x4a2a770 (_vgnU_ifunc_wrapper)
--1604-- REDIR: 0x547bc70 (libc.so.6:strlen) redirected to 0x4a2a770 (_vgnU_ifunc_wrapper)
--1604-- REDIR: 0x54866c0 (libc.so.6:memrchr) redirected to 0x4a2a770 (_vgnU_ifunc_wrapper)
--1604-- REDIR: 0x547cff0 (libc.so.6:strcasecmp_l) redirected to 0x4a2a770 (_vgnU_ifunc_wrapper)
--1604-- REDIR: 0x547cbe0 (libc.so.6:memchr) redirected to 0x4a2a770 (_vgnU_ifunc_wrapper)
--1604-- REDIR: 0x549aeb0 (libc.so.6:wcslen) redirected to 0x4a2a770 (_vgnU_ifunc_wrapper)
--1604-- REDIR: 0x547c050 (libc.so.6:strspn) redirected to 0x4a2a770 (_vgnU_ifunc_wrapper)
--1604-- REDIR: 0x547cf20 (libc.so.6:stpncpy) redirected to 0x4a2a770 (_vgnU_ifunc_wrapper)
--1604-- REDIR: 0x547cef0 (libc.so.6:stpcpy) redirected to 0x4a2a770 (_vgnU_ifunc_wrapper)
--1604-- REDIR: 0x547e7f0 (libc.so.6:strchrnul) redirected to 0x4a2a770 (_vgnU_ifunc_wrapper)
--1604-- REDIR: 0x547d040 (libc.so.6:strncasecmp_l) redirected to 0x4a2a770 (_vgnU_ifunc_wrapper)
--1604-- REDIR: 0x5478030 (libc.so.6:calloc) redirected to 0x4c31f16 (calloc)
--1604-- REDIR: 0x556c3c0 (libc.so.6:__strrchr_avx2) redirected to 0x4c32a80 (rindex)
--1604-- REDIR: 0x5475070 (libc.so.6:malloc) redirected to 0x4c2fe0f (malloc)
--1604-- REDIR: 0x556c590 (libc.so.6:__strlen_avx2) redirected to 0x4c33040 (strlen)
--1604-- REDIR: 0x5568ba0 (libc.so.6:__memcmp_avx2_movbe) redirected to 0x4c36370 (bcmp)
--1604-- REDIR: 0x5547d60 (libc.so.6:__strcmp_ssse3) redirected to 0x4c34070 (strcmp)
--1604-- REDIR: 0x556cab0 (libc.so.6:__mempcpy_avx_unaligned_erms) redirected to 0x4c37730 (mempcpy)
C++ standard no.: 201703

--1604-- REDIR: 0x556cad0 (libc.so.6:__memcpy_avx_unaligned_erms) redirected to 0x4c36bb0 (memmove)
--1604-- REDIR: 0x4ed0280 (libstdc++.so.6:operator new(unsigned long)) redirected to 0x4c3042f (operator new(unsigned long))
--1604-- REDIR: 0x4ece390 (libstdc++.so.6:operator delete(void*)) redirected to 0x4c313b9 (operator delete(void*))
Name: Jacky, 
Gender: Male, 
Age: 35, 
Company: HelloBike, Work time: 2019/11 --- 2020/03

Name: Mary, 
Gender: Female, 
Age: 28, 
Company: Schindler, Work time: 2015/09 --- 2016/06

Name: Bjorn Cederberg, 
Gender: Male, 
Age: 42, 
Company: Shanghai Amphenol Airwave, Work time: 2009/10 --- 2018/09

Name: Mary, 
Gender: Female, 
Age: 28, 
Company: Schindler, Work time: 2015/09 --- 2016/06

Name: Jacky, 
Gender: Male, 
Age: 35, 
Company: HelloBike, Work time: 2019/11 --- 2020/03

ResumePtr's name: Bjorn Cederberg
Destruct this ResumePtr
destructs WorkExperience2
Company: Shanghai Amphenol Airwave, Work time: 2009/10 --- 2018/09
--1604-- REDIR: 0x4ece3a0 (libstdc++.so.6:operator delete(void*, unsigned long)) redirected to 0x4c3157b (operator delete(void*, unsigned long))
ResumePtr's name: Mary
Destruct this ResumePtr
destructs WorkExperience2
Company: Schindler, Work time: 2015/09 --- 2016/06
ResumePtr's name: Jacky
Destruct this ResumePtr
destructs WorkExperience2
Company: HelloBike, Work time: 2019/11 --- 2020/03


--1604-- REDIR: 0x5475950 (libc.so.6:free) redirected to 0x4c30f09 (free)
==1604== 
==1604== HEAP SUMMARY:
==1604==     in use at exit: 0 bytes in 0 blocks
==1604==   total heap usage: 21 allocs, 21 frees, 107,000 bytes allocated
==1604== 
==1604== All heap blocks were freed -- no leaks are possible
==1604== 
==1604== ERROR SUMMARY: 0 errors from 0 contexts (suppressed: 0 from 0)

